  entry.cpp
C:\Users\Zor\source\repos\bb-injector\lib\loadable\loadable.hpp(88,12): warning C4244: '=': conversion from 'std::streamoff' to 'size_t', possible loss of data
C:\Users\Zor\source\repos\bb-injector\lib\loadable\loadable.hpp(103,13): warning C4477: 'printf' : format string '%x' requires an argument of type 'unsigned int', but variadic argument 1 has type 'uint8_t *'
C:\Users\Zor\source\repos\bb-injector\lib\loadable\loadable.hpp(195,24): warning C4018: '<': signed/unsigned mismatch
C:\Users\Zor\source\repos\bb-injector\lib\remote\remote.h(385,4): warning C4477: 'printf' : format string '%p' requires an argument of type 'void *', but variadic argument 1 has type 'DWORD'
C:\Users\Zor\source\repos\bb-injector\lib\remote\remote.h(395,4): warning C4477: 'printf' : format string '%p' requires an argument of type 'void *', but variadic argument 1 has type 'DWORD'
C:\Users\Zor\source\repos\bb-injector\lib\remote\remote.h(402,4): warning C4477: 'printf' : format string '%p' requires an argument of type 'void *', but variadic argument 1 has type 'DWORD'
C:\Users\Zor\source\repos\bb-injector\lib\remote\remote.h(434,26): warning C4018: '<=': signed/unsigned mismatch
C:\Users\Zor\source\repos\bb-injector\lib\remote\remote.h(479,5): warning C4477: 'printf' : format string '%p' requires an argument of type 'void *', but variadic argument 1 has type 'DWORD'
C:\Users\Zor\source\repos\bb-injector\lib\remote\remote.h(506,4): warning C4477: 'printf' : format string '%p' requires an argument of type 'void *', but variadic argument 1 has type 'DWORD'
C:\Users\Zor\source\repos\bb-injector\lib\remote\remote.h(533,4): warning C4477: 'printf' : format string '%p' requires an argument of type 'void *', but variadic argument 1 has type 'DWORD'
C:\Users\Zor\source\repos\bb-injector\lib\remote\remote.h(552,4): warning C4477: 'printf' : format string '%p' requires an argument of type 'void *', but variadic argument 1 has type 'DWORD'
C:\Users\Zor\source\repos\bb-injector\lib\remote\remote.h(521,4): warning C4477: 'printf' : format string '%p' requires an argument of type 'void *', but variadic argument 1 has type 'DWORD'
C:\Users\Zor\source\repos\bb-injector\lib\remote\remote.h(240): message : see reference to function template instantiation 'T bruiser::c_remote_process::read<intptr_t>(intptr_t)' being compiled
          with
          [
              T=intptr_t
          ]
C:\Users\Zor\source\repos\bb-injector\lib\remote\remote.h(545,4): warning C4477: 'printf' : format string '%p' requires an argument of type 'void *', but variadic argument 1 has type 'DWORD'
C:\Users\Zor\source\repos\bb-injector\lib\remote\remote.h(284): message : see reference to function template instantiation 'void bruiser::c_remote_process::write<bruiser::detail::_mm_data>(intptr_t,T &)' being compiled
          with
          [
              T=bruiser::detail::_mm_data
          ]
     Creating library C:\Users\Zor\source\repos\bb\Release\bb-injector.lib and object C:\Users\Zor\source\repos\bb\Release\bb-injector.exp
  Generating code
  0 of 556 functions ( 0.0%) were compiled, the rest were copied from previous compilation.
    0 functions were new in current compilation
    0 functions had inline decision re-evaluated but remain unchanged
  Finished generating code
  bb-injector.vcxproj -> C:\Users\Zor\source\repos\bb\Release\bb-injector.exe
